{
  "stats": {
    "suites": 1,
    "tests": 1,
    "passes": 1,
    "pending": 0,
    "failures": 0,
    "start": "2023-07-03T06:11:17.603Z",
    "end": "2023-07-03T06:11:35.860Z",
    "duration": 18257,
    "testsRegistered": 1,
    "passPercent": 100,
    "pendingPercent": 0,
    "other": 0,
    "hasOther": false,
    "skipped": 0,
    "hasSkipped": false
  },
  "results": [
    {
      "uuid": "72e62514-5baa-4577-a0f5-99487685f6c6",
      "title": "",
      "fullFile": "C:\\Test_poc\\tests\\cartitemcheckout_test.js",
      "file": "\\cartitemcheckout_test.js",
      "beforeHooks": [],
      "afterHooks": [],
      "tests": [],
      "suites": [
        {
          "uuid": "74841a1d-80cb-4086-b74f-fb5fe7918ff6",
          "title": "CART CHECKOUT",
          "fullFile": "C:\\Test_poc\\tests\\cartitemcheckout_test.js",
          "file": "\\cartitemcheckout_test.js",
          "beforeHooks": [
            {
              "title": "\"before all\" hook: codeceptjs.beforeSuite in \"CART CHECKOUT\"",
              "fullTitle": "CART CHECKOUT \"before all\" hook: codeceptjs.beforeSuite in \"CART CHECKOUT\"",
              "timedOut": false,
              "duration": 1068,
              "state": null,
              "speed": null,
              "pass": false,
              "fail": false,
              "pending": false,
              "context": null,
              "code": "scenario.suiteSetup(suite)",
              "err": {},
              "uuid": "d017463b-7357-4b60-9efc-121a46a115d2",
              "parentUUID": "74841a1d-80cb-4086-b74f-fb5fe7918ff6",
              "isHook": true,
              "skipped": false
            },
            {
              "title": "\"before each\" hook: codeceptjs.before in \"CART CHECKOUT\"",
              "fullTitle": "CART CHECKOUT \"before each\" hook: codeceptjs.before in \"CART CHECKOUT\"",
              "timedOut": false,
              "duration": 606,
              "state": null,
              "speed": null,
              "pass": false,
              "fail": false,
              "pending": false,
              "context": null,
              "code": "scenario.setup(suite)",
              "err": {},
              "uuid": "e2824562-dc00-4fdb-b5c2-9049117f05e1",
              "parentUUID": "74841a1d-80cb-4086-b74f-fb5fe7918ff6",
              "isHook": true,
              "skipped": false
            }
          ],
          "afterHooks": [
            {
              "title": "\"after all\" hook: codeceptjs.afterSuite in \"CART CHECKOUT\"",
              "fullTitle": "CART CHECKOUT \"after all\" hook: codeceptjs.afterSuite in \"CART CHECKOUT\"",
              "timedOut": false,
              "duration": 0,
              "state": null,
              "speed": null,
              "pass": false,
              "fail": false,
              "pending": false,
              "context": null,
              "code": "scenario.suiteTeardown(suite)",
              "err": {},
              "uuid": "ba7392bd-e64f-49ea-a137-a3b088ea50e7",
              "parentUUID": "74841a1d-80cb-4086-b74f-fb5fe7918ff6",
              "isHook": true,
              "skipped": false
            },
            {
              "title": "\"after each\" hook: finalize codeceptjs in \"CART CHECKOUT\"",
              "fullTitle": "CART CHECKOUT \"after each\" hook: finalize codeceptjs in \"CART CHECKOUT\"",
              "timedOut": false,
              "duration": 61,
              "state": null,
              "speed": null,
              "pass": false,
              "fail": false,
              "pending": false,
              "context": null,
              "code": "scenario.teardown(suite)",
              "err": {},
              "uuid": "539d4ca8-c53c-484d-a59e-e62699a92a26",
              "parentUUID": "74841a1d-80cb-4086-b74f-fb5fe7918ff6",
              "isHook": true,
              "skipped": false
            }
          ],
          "tests": [
            {
              "title": "checkout item succfully",
              "fullTitle": "CART CHECKOUT: checkout item succfully",
              "timedOut": false,
              "duration": 16507,
              "state": "passed",
              "speed": "slow",
              "pass": true,
              "fail": false,
              "pending": false,
              "context": null,
              "code": "I }) => {\n  I.amOnPage(\"/\");\n  itemcheckout.fillLoginFields(correctLoginUser);\n  I.wait(2);\n  itemcheckout.cartName();\n  I.wait(2);\n  itemcheckout.cartlistcheckout();\n  I.wait(2);\n  itemcheckout.checkoutYourInformation(cartcheckinfo);\n  I.wait(2);",
              "err": {},
              "uuid": "1201b210-6c2c-40f0-afab-6e7f8522f776",
              "parentUUID": "74841a1d-80cb-4086-b74f-fb5fe7918ff6",
              "isHook": false,
              "skipped": false
            }
          ],
          "suites": [],
          "passes": [
            "1201b210-6c2c-40f0-afab-6e7f8522f776"
          ],
          "failures": [],
          "pending": [],
          "skipped": [],
          "duration": 16507,
          "root": false,
          "rootEmpty": false,
          "_timeout": 0
        }
      ],
      "passes": [],
      "failures": [],
      "pending": [],
      "skipped": [],
      "duration": 0,
      "root": true,
      "rootEmpty": true,
      "_timeout": 0
    }
  ],
  "meta": {
    "mocha": {
      "version": "10.2.0"
    },
    "mochawesome": {
      "options": {
        "quiet": false,
        "reportFilename": "mochawesome",
        "saveHtml": true,
        "saveJson": true,
        "consoleReporter": "spec",
        "useInlineDiffs": false,
        "code": true
      },
      "version": "7.1.3"
    },
    "marge": {
      "options": {
        "mochaFile": "output/result.xml",
        "reportDir": "output"
      },
      "version": "6.2.0"
    }
  }
}